Obtaining site entropy information from preferences file preferences/Overall-WSNHA_merged_prefs_rescaled.txt.
483 sites have both entropy and RSA information and thus will be included in the model.
Testing selected sites in group Caton et al. antigenic sites.
                            OLS Regression Results                            
==============================================================================
Dep. Variable:                entropy   R-squared:                       0.291
Model:                            OLS   Adj. R-squared:                  0.288
Method:                 Least Squares   F-statistic:                     98.29
Date:                Thu, 03 Mar 2016   Prob (F-statistic):           1.67e-36
Time:                        12:34:13   Log-Likelihood:                -643.10
No. Observations:                 483   AIC:                             1292.
Df Residuals:                     480   BIC:                             1305.
Df Model:                           2                                         
Covariance Type:            nonrobust                                         
==============================================================================
                 coef    std err          t      P>|t|      [95.0% Conf. Int.]
------------------------------------------------------------------------------
Intercept      1.6386      0.059     27.749      0.000         1.523     1.755
rsa            2.5567      0.207     12.345      0.000         2.150     2.964
selected       0.6007      0.182      3.301      0.001         0.243     0.958
==============================================================================
Omnibus:                        4.340   Durbin-Watson:                   1.604
Prob(Omnibus):                  0.114   Jarque-Bera (JB):                4.147
Skew:                          -0.180   Prob(JB):                        0.126
Kurtosis:                       2.724   Cond. No.                         5.47
==============================================================================

Warnings:
[1] Standard Errors assume that the covariance matrix of the errors is correctly specified.Testing selected sites in group antigenic sites plus contacting residues.
                            OLS Regression Results                            
==============================================================================
Dep. Variable:                entropy   R-squared:                       0.292
Model:                            OLS   Adj. R-squared:                  0.289
Method:                 Least Squares   F-statistic:                     99.03
Date:                Thu, 03 Mar 2016   Prob (F-statistic):           9.86e-37
Time:                        12:34:14   Log-Likelihood:                -642.57
No. Observations:                 483   AIC:                             1291.
Df Residuals:                     480   BIC:                             1304.
Df Model:                           2                                         
Covariance Type:            nonrobust                                         
==============================================================================
                 coef    std err          t      P>|t|      [95.0% Conf. Int.]
------------------------------------------------------------------------------
Intercept      1.6427      0.059     27.843      0.000         1.527     1.759
rsa            2.4339      0.218     11.184      0.000         2.006     2.862
selected       0.4873      0.141      3.461      0.001         0.211     0.764
==============================================================================
Omnibus:                        4.908   Durbin-Watson:                   1.615
Prob(Omnibus):                  0.086   Jarque-Bera (JB):                4.629
Skew:                          -0.190   Prob(JB):                       0.0988
Kurtosis:                       2.707   Cond. No.                         5.69
==============================================================================

Warnings:
[1] Standard Errors assume that the covariance matrix of the errors is correctly specified.Testing selected sites in group conserved receptor binding sites.
                            OLS Regression Results                            
==============================================================================
Dep. Variable:                entropy   R-squared:                       0.286
Model:                            OLS   Adj. R-squared:                  0.283
Method:                 Least Squares   F-statistic:                     95.99
Date:                Thu, 03 Mar 2016   Prob (F-statistic):           8.58e-36
Time:                        12:34:15   Log-Likelihood:                -644.75
No. Observations:                 483   AIC:                             1295.
Df Residuals:                     480   BIC:                             1308.
Df Model:                           2                                         
Covariance Type:            nonrobust                                         
==============================================================================
                 coef    std err          t      P>|t|      [95.0% Conf. Int.]
------------------------------------------------------------------------------
Intercept      1.6610      0.060     27.772      0.000         1.543     1.779
rsa            2.6944      0.201     13.376      0.000         2.299     3.090
selected      -0.9060      0.329     -2.750      0.006        -1.553    -0.259
==============================================================================
Omnibus:                        5.098   Durbin-Watson:                   1.564
Prob(Omnibus):                  0.078   Jarque-Bera (JB):                5.206
Skew:                          -0.246   Prob(JB):                       0.0741
Kurtosis:                       2.868   Cond. No.                         8.04
==============================================================================

Warnings:
[1] Standard Errors assume that the covariance matrix of the errors is correctly specified.Testing selected sites in group all receptor binding sites.
                            OLS Regression Results                            
==============================================================================
Dep. Variable:                entropy   R-squared:                       0.276
Model:                            OLS   Adj. R-squared:                  0.273
Method:                 Least Squares   F-statistic:                     91.53
Date:                Thu, 03 Mar 2016   Prob (F-statistic):           2.11e-34
Time:                        12:34:15   Log-Likelihood:                -647.97
No. Observations:                 483   AIC:                             1302.
Df Residuals:                     480   BIC:                             1314.
Df Model:                           2                                         
Covariance Type:            nonrobust                                         
==============================================================================
                 coef    std err          t      P>|t|      [95.0% Conf. Int.]
------------------------------------------------------------------------------
Intercept      1.6481      0.060     27.315      0.000         1.530     1.767
rsa            2.7247      0.202     13.460      0.000         2.327     3.122
selected      -0.2405      0.229     -1.049      0.295        -0.691     0.210
==============================================================================
Omnibus:                        5.051   Durbin-Watson:                   1.560
Prob(Omnibus):                  0.080   Jarque-Bera (JB):                5.146
Skew:                          -0.238   Prob(JB):                       0.0763
Kurtosis:                       2.831   Cond. No.                         5.57
==============================================================================

Warnings:
[1] Standard Errors assume that the covariance matrix of the errors is correctly specified.Testing selected sites in group antigenic cluster jump sites.
                            OLS Regression Results                            
==============================================================================
Dep. Variable:                entropy   R-squared:                       0.274
Model:                            OLS   Adj. R-squared:                  0.271
Method:                 Least Squares   F-statistic:                     90.79
Date:                Thu, 03 Mar 2016   Prob (F-statistic):           3.62e-34
Time:                        12:34:16   Log-Likelihood:                -648.51
No. Observations:                 483   AIC:                             1303.
Df Residuals:                     480   BIC:                             1316.
Df Model:                           2                                         
Covariance Type:            nonrobust                                         
==============================================================================
                 coef    std err          t      P>|t|      [95.0% Conf. Int.]
------------------------------------------------------------------------------
Intercept      1.6387      0.060     27.439      0.000         1.521     1.756
rsa            2.7256      0.205     13.315      0.000         2.323     3.128
selected       0.0524      0.358      0.147      0.884        -0.650     0.755
==============================================================================
Omnibus:                        4.872   Durbin-Watson:                   1.569
Prob(Omnibus):                  0.088   Jarque-Bera (JB):                4.957
Skew:                          -0.232   Prob(JB):                       0.0839
Kurtosis:                       2.823   Cond. No.                         8.69
==============================================================================

Warnings:
[1] Standard Errors assume that the covariance matrix of the errors is correctly specified.Testing selected sites in group stalk epitopes.
                            OLS Regression Results                            
==============================================================================
Dep. Variable:                entropy   R-squared:                       0.288
Model:                            OLS   Adj. R-squared:                  0.285
Method:                 Least Squares   F-statistic:                     97.21
Date:                Thu, 03 Mar 2016   Prob (F-statistic):           3.59e-36
Time:                        12:34:17   Log-Likelihood:                -643.87
No. Observations:                 483   AIC:                             1294.
Df Residuals:                     480   BIC:                             1306.
Df Model:                           2                                         
Covariance Type:            nonrobust                                         
==============================================================================
                 coef    std err          t      P>|t|      [95.0% Conf. Int.]
------------------------------------------------------------------------------
Intercept      1.6569      0.059     27.872      0.000         1.540     1.774
rsa            2.7954      0.202     13.852      0.000         2.399     3.192
selected      -0.5508      0.180     -3.056      0.002        -0.905    -0.197
==============================================================================
Omnibus:                        5.397   Durbin-Watson:                   1.594
Prob(Omnibus):                  0.067   Jarque-Bera (JB):                5.501
Skew:                          -0.256   Prob(JB):                       0.0639
Kurtosis:                       2.899   Cond. No.                         5.11
==============================================================================

Warnings:
[1] Standard Errors assume that the covariance matrix of the errors is correctly specified.Testing selected sites in group HA1 fusion domain.
                            OLS Regression Results                            
==============================================================================
Dep. Variable:                entropy   R-squared:                       0.292
Model:                            OLS   Adj. R-squared:                  0.289
Method:                 Least Squares   F-statistic:                     98.82
Date:                Thu, 03 Mar 2016   Prob (F-statistic):           1.14e-36
Time:                        12:34:18   Log-Likelihood:                -642.72
No. Observations:                 483   AIC:                             1291.
Df Residuals:                     480   BIC:                             1304.
Df Model:                           2                                         
Covariance Type:            nonrobust                                         
==============================================================================
                 coef    std err          t      P>|t|      [95.0% Conf. Int.]
------------------------------------------------------------------------------
Intercept      1.7188      0.063     27.068      0.000         1.594     1.844
rsa            2.7020      0.200     13.487      0.000         2.308     3.096
selected      -0.3489      0.102     -3.417      0.001        -0.550    -0.148
==============================================================================
Omnibus:                        6.379   Durbin-Watson:                   1.603
Prob(Omnibus):                  0.041   Jarque-Bera (JB):                6.504
Skew:                          -0.281   Prob(JB):                       0.0387
Kurtosis:                       2.917   Cond. No.                         5.15
==============================================================================

Warnings:
[1] Standard Errors assume that the covariance matrix of the errors is correctly specified.Testing selected sites in group HA1 vestigial esterase domain.
                            OLS Regression Results                            
==============================================================================
Dep. Variable:                entropy   R-squared:                       0.277
Model:                            OLS   Adj. R-squared:                  0.274
Method:                 Least Squares   F-statistic:                     91.88
Date:                Thu, 03 Mar 2016   Prob (F-statistic):           1.64e-34
Time:                        12:34:18   Log-Likelihood:                -647.72
No. Observations:                 483   AIC:                             1301.
Df Residuals:                     480   BIC:                             1314.
Df Model:                           2                                         
Covariance Type:            nonrobust                                         
==============================================================================
                 coef    std err          t      P>|t|      [95.0% Conf. Int.]
------------------------------------------------------------------------------
Intercept      1.6150      0.062     25.856      0.000         1.492     1.738
rsa            2.7419      0.202     13.541      0.000         2.344     3.140
selected       0.1569      0.124      1.267      0.206        -0.086     0.400
==============================================================================
Omnibus:                        4.741   Durbin-Watson:                   1.571
Prob(Omnibus):                  0.093   Jarque-Bera (JB):                4.824
Skew:                          -0.228   Prob(JB):                       0.0896
Kurtosis:                       2.824   Cond. No.                         5.07
==============================================================================

Warnings:
[1] Standard Errors assume that the covariance matrix of the errors is correctly specified.Testing selected sites in group HA1 receptor binding domain.
                            OLS Regression Results                            
==============================================================================
Dep. Variable:                entropy   R-squared:                       0.309
Model:                            OLS   Adj. R-squared:                  0.307
Method:                 Least Squares   F-statistic:                     107.5
Date:                Thu, 03 Mar 2016   Prob (F-statistic):           2.58e-39
Time:                        12:34:19   Log-Likelihood:                -636.59
No. Observations:                 483   AIC:                             1279.
Df Residuals:                     480   BIC:                             1292.
Df Model:                           2                                         
Covariance Type:            nonrobust                                         
==============================================================================
                 coef    std err          t      P>|t|      [95.0% Conf. Int.]
------------------------------------------------------------------------------
Intercept      1.5028      0.064     23.321      0.000         1.376     1.629
rsa            2.7166      0.198     13.743      0.000         2.328     3.105
selected       0.4374      0.089      4.931      0.000         0.263     0.612
==============================================================================
Omnibus:                        6.727   Durbin-Watson:                   1.646
Prob(Omnibus):                  0.035   Jarque-Bera (JB):                6.790
Skew:                          -0.269   Prob(JB):                       0.0335
Kurtosis:                       2.781   Cond. No.                         5.29
==============================================================================

Warnings:
[1] Standard Errors assume that the covariance matrix of the errors is correctly specified.Testing selected sites in group HA2 fusion domain.
                            OLS Regression Results                            
==============================================================================
Dep. Variable:                entropy   R-squared:                       0.282
Model:                            OLS   Adj. R-squared:                  0.279
Method:                 Least Squares   F-statistic:                     94.30
Date:                Thu, 03 Mar 2016   Prob (F-statistic):           2.86e-35
Time:                        12:34:20   Log-Likelihood:                -645.96
No. Observations:                 483   AIC:                             1298.
Df Residuals:                     480   BIC:                             1310.
Df Model:                           2                                         
Covariance Type:            nonrobust                                         
==============================================================================
                 coef    std err          t      P>|t|      [95.0% Conf. Int.]
------------------------------------------------------------------------------
Intercept      1.7025      0.066     25.884      0.000         1.573     1.832
rsa            2.7449      0.202     13.613      0.000         2.349     3.141
selected      -0.2024      0.089     -2.263      0.024        -0.378    -0.027
==============================================================================
Omnibus:                        5.751   Durbin-Watson:                   1.585
Prob(Omnibus):                  0.056   Jarque-Bera (JB):                5.806
Skew:                          -0.247   Prob(JB):                       0.0549
Kurtosis:                       2.790   Cond. No.                         5.32
==============================================================================

Warnings:
[1] Standard Errors assume that the covariance matrix of the errors is correctly specified.