2016-02-22 15:20:22,385 - INFO - Beginning execution of dms_barcodedsubamplicons in directory /fh/fast/bloom_j/grp/mike/2016_WSN_HA_analysis_forpaper/alignments

2016-02-22 15:20:22,385 - INFO - Progress will be logged to mutvirus1.log
2016-02-22 15:20:32,871 - INFO - Version information for dms_tools and associated packages.
	Time and date: Mon Feb 22 15:20:22 2016
	Platform: Linux-3.13.0-49-generic-x86_64-with-Ubuntu-14.04-trusty
	Python version: 2.7.6 (default, Mar 22 2014, 22:59:56)  [GCC 4.8.2]
	dms_tools version: 1.1.12
	Bio version: 1.66
	numpy version: 1.10.4
	scipy version: 0.17.0
	matplotlib version: 1.5.1
	cython version: 0.23.4
	pystan version: 2.9.0.0
	weblogolib version: 3.4
	PyPDF2 version: 1.25.1

2016-02-22 15:20:32,872 - INFO - Parsed the following arguments:
	minreadconcurrence = 0.75
	maxmuts = 4
	maxlowqfrac = 0.075
	r1files = ['/fh/fast/bloom_j/grp/mike/2016_WSN_HA_analysis_forpaper/FASTQ_files//mutvirus1_1.fastq']
	minreadidentity = 0.9
	purgefrac = 0
	R1trimlength = 200
	R1_is_antisense = False
	r2files = ['/fh/fast/bloom_j/grp/mike/2016_WSN_HA_analysis_forpaper/FASTQ_files//mutvirus1_2.fastq']
	alignspecs = [(1, 285, 36, 37), (286, 570, 31, 32), (571, 855, 37, 32), (856, 1140, 31, 36), (1141, 1425, 29, 33), (1426, 1698, 40, 43)]
	R2trimlength = 170
	maxreadtrim = 3
	barcodeinfo = True
	chartype = codon
	barcodelength = 8
	minreadsperbarcode = 2
	minq = 15
	outprefix = mutvirus1
	refseq = /fh/fast/bloom_j/grp/mike/2016_WSN_HA_analysis_forpaper/WSN_HA_reference.fa
	purgereadfrac = 0
	seed = 1

2016-02-22 15:20:33,038 - INFO - Read a reference sequence of 566 codons from /fh/fast/bloom_j/grp/mike/2016_WSN_HA_analysis_forpaper/WSN_HA_reference.fa

2016-02-22 15:20:33,039 - INFO - Now parsing reads from the following:
	r1files: /fh/fast/bloom_j/grp/mike/2016_WSN_HA_analysis_forpaper/FASTQ_files//mutvirus1_1.fastq
	r2files: /fh/fast/bloom_j/grp/mike/2016_WSN_HA_analysis_forpaper/FASTQ_files//mutvirus1_2.fastq
2016-02-22 15:20:34,149 - INFO - Reads parsed so far: 100000
2016-02-22 15:20:35,127 - INFO - Reads parsed so far: 200000
2016-02-22 15:20:36,170 - INFO - Reads parsed so far: 300000
2016-02-22 15:20:37,200 - INFO - Reads parsed so far: 400000
2016-02-22 15:20:38,270 - INFO - Reads parsed so far: 500000
2016-02-22 15:20:39,252 - INFO - Reads parsed so far: 600000
2016-02-22 15:20:40,369 - INFO - Reads parsed so far: 700000
2016-02-22 15:20:41,352 - INFO - Reads parsed so far: 800000
2016-02-22 15:20:42,467 - INFO - Reads parsed so far: 900000
2016-02-22 15:20:43,449 - INFO - Reads parsed so far: 1000000
2016-02-22 15:20:44,480 - INFO - Reads parsed so far: 1100000
2016-02-22 15:20:45,672 - INFO - Reads parsed so far: 1200000
2016-02-22 15:20:46,661 - INFO - Reads parsed so far: 1300000
2016-02-22 15:20:47,737 - INFO - Reads parsed so far: 1400000
2016-02-22 15:20:48,986 - INFO - Reads parsed so far: 1500000
2016-02-22 15:20:50,010 - INFO - Reads parsed so far: 1600000
2016-02-22 15:20:50,997 - INFO - Reads parsed so far: 1700000
2016-02-22 15:20:51,995 - INFO - Reads parsed so far: 1800000
2016-02-22 15:20:53,009 - INFO - Reads parsed so far: 1900000
2016-02-22 15:20:54,356 - INFO - Reads parsed so far: 2000000
2016-02-22 15:20:55,398 - INFO - Reads parsed so far: 2100000
2016-02-22 15:20:56,394 - INFO - Reads parsed so far: 2200000
2016-02-22 15:20:57,406 - INFO - Reads parsed so far: 2300000
2016-02-22 15:20:58,402 - INFO - Reads parsed so far: 2400000
2016-02-22 15:20:59,388 - INFO - Reads parsed so far: 2500000
2016-02-22 15:21:00,392 - INFO - Reads parsed so far: 2600000
2016-02-22 15:21:01,378 - INFO - Reads parsed so far: 2700000
2016-02-22 15:21:02,909 - INFO - Reads parsed so far: 2800000
2016-02-22 15:21:03,929 - INFO - Reads parsed so far: 2900000
2016-02-22 15:21:04,915 - INFO - Reads parsed so far: 3000000
2016-02-22 15:21:05,921 - INFO - Reads parsed so far: 3100000
2016-02-22 15:21:06,906 - INFO - Reads parsed so far: 3200000
2016-02-22 15:21:07,893 - INFO - Reads parsed so far: 3300000
2016-02-22 15:21:08,895 - INFO - Reads parsed so far: 3400000
2016-02-22 15:21:09,881 - INFO - Reads parsed so far: 3500000
2016-02-22 15:21:10,882 - INFO - Reads parsed so far: 3600000
2016-02-22 15:21:11,870 - INFO - Reads parsed so far: 3700000
2016-02-22 15:21:12,860 - INFO - Reads parsed so far: 3800000
2016-02-22 15:21:13,861 - INFO - Reads parsed so far: 3900000
2016-02-22 15:21:15,595 - INFO - Reads parsed so far: 4000000
2016-02-22 15:21:16,605 - INFO - Reads parsed so far: 4100000
2016-02-22 15:21:17,591 - INFO - Reads parsed so far: 4200000
2016-02-22 15:21:18,593 - INFO - Reads parsed so far: 4300000
2016-02-22 15:21:19,579 - INFO - Reads parsed so far: 4400000
2016-02-22 15:21:20,570 - INFO - Reads parsed so far: 4500000
2016-02-22 15:21:21,572 - INFO - Reads parsed so far: 4600000
2016-02-22 15:21:22,560 - INFO - Reads parsed so far: 4700000
2016-02-22 15:21:23,563 - INFO - Reads parsed so far: 4800000
2016-02-22 15:21:24,550 - INFO - Reads parsed so far: 4900000
2016-02-22 15:21:25,539 - INFO - Reads parsed so far: 5000000
2016-02-22 15:21:26,541 - INFO - Reads parsed so far: 5100000
2016-02-22 15:21:27,544 - INFO - Reads parsed so far: 5200000
2016-02-22 15:21:28,531 - INFO - Reads parsed so far: 5300000
2016-02-22 15:21:29,533 - INFO - Reads parsed so far: 5400000
2016-02-22 15:21:30,520 - INFO - Reads parsed so far: 5500000
2016-02-22 15:21:31,521 - INFO - Reads parsed so far: 5600000
2016-02-22 15:21:32,638 - INFO - Reads parsed so far: 5700000
2016-02-22 15:21:33,640 - INFO - Reads parsed so far: 5800000
2016-02-22 15:21:34,642 - INFO - Reads parsed so far: 5900000
2016-02-22 15:21:35,632 - INFO - Reads parsed so far: 6000000
2016-02-22 15:21:36,640 - INFO - Reads parsed so far: 6100000
2016-02-22 15:21:37,627 - INFO - Reads parsed so far: 6200000
2016-02-22 15:21:39,747 - INFO - Reads parsed so far: 6300000
2016-02-22 15:21:40,750 - INFO - Reads parsed so far: 6400000
2016-02-22 15:21:41,737 - INFO - Reads parsed so far: 6500000
2016-02-22 15:21:42,754 - INFO - Reads parsed so far: 6600000
2016-02-22 15:21:43,742 - INFO - Reads parsed so far: 6700000
2016-02-22 15:21:44,743 - INFO - Reads parsed so far: 6800000
2016-02-22 15:21:45,797 - INFO - Reads parsed so far: 6900000
2016-02-22 15:21:46,783 - INFO - Reads parsed so far: 7000000
2016-02-22 15:21:47,786 - INFO - Reads parsed so far: 7100000
2016-02-22 15:21:48,821 - INFO - Reads parsed so far: 7200000
2016-02-22 15:21:49,810 - INFO - Reads parsed so far: 7300000
2016-02-22 15:21:50,816 - INFO - Reads parsed so far: 7400000
2016-02-22 15:21:51,807 - INFO - Reads parsed so far: 7500000
2016-02-22 15:21:52,814 - INFO - Reads parsed so far: 7600000
2016-02-22 15:21:53,801 - INFO - Reads parsed so far: 7700000
2016-02-22 15:21:54,788 - INFO - Reads parsed so far: 7800000
2016-02-22 15:21:55,791 - INFO - Reads parsed so far: 7900000
2016-02-22 15:21:56,778 - INFO - Reads parsed so far: 8000000
2016-02-22 15:21:57,793 - INFO - Reads parsed so far: 8100000
2016-02-22 15:21:58,848 - INFO - Reads parsed so far: 8200000
2016-02-22 15:21:59,838 - INFO - Reads parsed so far: 8300000
2016-02-22 15:22:00,840 - INFO - Reads parsed so far: 8400000
2016-02-22 15:22:01,828 - INFO - Reads parsed so far: 8500000
2016-02-22 15:22:02,829 - INFO - Reads parsed so far: 8600000
2016-02-22 15:22:03,847 - INFO - Reads parsed so far: 8700000
2016-02-22 15:22:04,849 - INFO - Reads parsed so far: 8800000
2016-02-22 15:22:05,840 - INFO - Reads parsed so far: 8900000
2016-02-22 15:22:06,838 - INFO - Reads parsed so far: 9000000
2016-02-22 15:22:07,852 - INFO - Reads parsed so far: 9100000
2016-02-22 15:22:08,838 - INFO - Reads parsed so far: 9200000
2016-02-22 15:22:09,843 - INFO - Reads parsed so far: 9300000
2016-02-22 15:22:10,912 - INFO - Reads parsed so far: 9400000
2016-02-22 15:22:11,898 - INFO - Reads parsed so far: 9500000
2016-02-22 15:22:12,899 - INFO - Reads parsed so far: 9600000
2016-02-22 15:22:13,886 - INFO - Reads parsed so far: 9700000
2016-02-22 15:22:14,910 - INFO - Reads parsed so far: 9800000
2016-02-22 15:22:15,940 - INFO - Reads parsed so far: 9900000
2016-02-22 15:22:16,947 - INFO - Reads parsed so far: 10000000
2016-02-22 15:22:18,008 - INFO - Reads parsed so far: 10100000
2016-02-22 15:22:19,127 - INFO - Reads parsed so far: 10200000
2016-02-22 15:22:20,148 - INFO - Reads parsed so far: 10300000
2016-02-22 15:22:21,162 - INFO - Reads parsed so far: 10400000
2016-02-22 15:22:22,153 - INFO - Reads parsed so far: 10500000
2016-02-22 15:22:23,160 - INFO - Reads parsed so far: 10600000
2016-02-22 15:22:24,158 - INFO - Reads parsed so far: 10700000
2016-02-22 15:22:25,155 - INFO - Reads parsed so far: 10800000
2016-02-22 15:22:26,191 - INFO - Reads parsed so far: 10900000
2016-02-22 15:22:29,171 - INFO - Reads parsed so far: 11000000
2016-02-22 15:22:30,211 - INFO - Reads parsed so far: 11100000
2016-02-22 15:22:31,215 - INFO - Reads parsed so far: 11200000
2016-02-22 15:22:32,208 - INFO - Reads parsed so far: 11300000
2016-02-22 15:22:33,215 - INFO - Reads parsed so far: 11400000
2016-02-22 15:22:34,226 - INFO - Reads parsed so far: 11500000
2016-02-22 15:22:35,232 - INFO - Reads parsed so far: 11600000
2016-02-22 15:22:36,275 - INFO - Reads parsed so far: 11700000
2016-02-22 15:22:37,265 - INFO - Reads parsed so far: 11800000
2016-02-22 15:22:38,271 - INFO - Reads parsed so far: 11900000
2016-02-22 15:22:39,262 - INFO - Reads parsed so far: 12000000
2016-02-22 15:22:40,268 - INFO - Reads parsed so far: 12100000
2016-02-22 15:22:41,280 - INFO - Reads parsed so far: 12200000
2016-02-22 15:22:42,272 - INFO - Reads parsed so far: 12300000
2016-02-22 15:22:43,285 - INFO - Reads parsed so far: 12400000
2016-02-22 15:22:44,307 - INFO - Reads parsed so far: 12500000
2016-02-22 15:22:45,388 - INFO - Reads parsed so far: 12600000
2016-02-22 15:22:46,393 - INFO - Reads parsed so far: 12700000
2016-02-22 15:22:47,399 - INFO - Reads parsed so far: 12800000
2016-02-22 15:22:48,417 - INFO - Reads parsed so far: 12900000
2016-02-22 15:22:49,407 - INFO - Reads parsed so far: 13000000
2016-02-22 15:22:50,486 - INFO - Reads parsed so far: 13100000
2016-02-22 15:22:51,518 - INFO - Reads parsed so far: 13200000
2016-02-22 15:22:52,511 - INFO - Reads parsed so far: 13300000
2016-02-22 15:22:53,511 - INFO - Reads parsed so far: 13400000
2016-02-22 15:22:54,579 - INFO - Reads parsed so far: 13500000
2016-02-22 15:22:55,583 - INFO - Reads parsed so far: 13600000
2016-02-22 15:22:56,590 - INFO - Reads parsed so far: 13700000
2016-02-22 15:22:57,579 - INFO - Reads parsed so far: 13800000
2016-02-22 15:22:58,233 - INFO - Finished parsing all 13863980 reads; ended up with 3577638 unique barcodes.

2016-02-22 15:22:58,236 - INFO - Now examining the 3577638 barcodes to see if reads meet criteria for retention
2016-02-22 15:23:09,161 - INFO - Barcodes examined so far: 100000
2016-02-22 15:23:19,889 - INFO - Barcodes examined so far: 200000
2016-02-22 15:23:30,603 - INFO - Barcodes examined so far: 300000
2016-02-22 15:23:41,300 - INFO - Barcodes examined so far: 400000
2016-02-22 15:23:51,935 - INFO - Barcodes examined so far: 500000
2016-02-22 15:24:02,607 - INFO - Barcodes examined so far: 600000
2016-02-22 15:24:13,165 - INFO - Barcodes examined so far: 700000
2016-02-22 15:24:23,790 - INFO - Barcodes examined so far: 800000
2016-02-22 15:24:34,386 - INFO - Barcodes examined so far: 900000
2016-02-22 15:24:44,959 - INFO - Barcodes examined so far: 1000000
2016-02-22 15:24:55,561 - INFO - Barcodes examined so far: 1100000
2016-02-22 15:25:06,216 - INFO - Barcodes examined so far: 1200000
2016-02-22 15:25:16,841 - INFO - Barcodes examined so far: 1300000
2016-02-22 15:25:27,387 - INFO - Barcodes examined so far: 1400000
2016-02-22 15:25:37,992 - INFO - Barcodes examined so far: 1500000
2016-02-22 15:25:48,538 - INFO - Barcodes examined so far: 1600000
2016-02-22 15:25:59,104 - INFO - Barcodes examined so far: 1700000
2016-02-22 15:26:09,687 - INFO - Barcodes examined so far: 1800000
2016-02-22 15:26:20,470 - INFO - Barcodes examined so far: 1900000
2016-02-22 15:26:31,246 - INFO - Barcodes examined so far: 2000000
2016-02-22 15:26:42,027 - INFO - Barcodes examined so far: 2100000
2016-02-22 15:26:52,828 - INFO - Barcodes examined so far: 2200000
2016-02-22 15:27:03,572 - INFO - Barcodes examined so far: 2300000
2016-02-22 15:27:14,286 - INFO - Barcodes examined so far: 2400000
2016-02-22 15:27:25,011 - INFO - Barcodes examined so far: 2500000
2016-02-22 15:27:35,743 - INFO - Barcodes examined so far: 2600000
2016-02-22 15:27:46,514 - INFO - Barcodes examined so far: 2700000
2016-02-22 15:27:57,345 - INFO - Barcodes examined so far: 2800000
2016-02-22 15:28:08,397 - INFO - Barcodes examined so far: 2900000
2016-02-22 15:28:19,761 - INFO - Barcodes examined so far: 3000000
2016-02-22 15:28:31,429 - INFO - Barcodes examined so far: 3100000
2016-02-22 15:28:43,568 - INFO - Barcodes examined so far: 3200000
2016-02-22 15:28:56,283 - INFO - Barcodes examined so far: 3300000
2016-02-22 15:29:09,751 - INFO - Barcodes examined so far: 3400000
2016-02-22 15:29:24,921 - INFO - Barcodes examined so far: 3500000
2016-02-22 15:29:42,171 - INFO - Finished examining all 3577638 barcodes

2016-02-22 15:29:42,172 - INFO - Writing the codon counts to mutvirus1counts.txt
2016-02-22 15:29:42,196 - INFO - Here are the summary statistics (these are also being written to mutvirus1summarystats.txt):
	total read pairs = 13863980
	read pairs that fail Illumina filter = 0
	low quality read pairs = 1684676
	barcodes randomly purged = 0
	discarded barcodes with 1 reads = 1186138
	aligned barcodes with 2 reads = 343003
	discarded barcodes with 2 reads = 4789
	un-alignable barcodes with 2 reads = 39543
	aligned barcodes with 3 reads = 408617
	discarded barcodes with 3 reads = 8201
	un-alignable barcodes with 3 reads = 46843
	aligned barcodes with 4 reads = 407307
	discarded barcodes with 4 reads = 10827
	un-alignable barcodes with 4 reads = 38411
	aligned barcodes with 5 reads = 339990
	discarded barcodes with 5 reads = 11639
	un-alignable barcodes with 5 reads = 31119
	aligned barcodes with 6 reads = 249924
	discarded barcodes with 6 reads = 10212
	un-alignable barcodes with 6 reads = 22442
	aligned barcodes with 7 reads = 163214
	discarded barcodes with 7 reads = 7871
	un-alignable barcodes with 7 reads = 14835
	aligned barcodes with 8 reads = 97640
	discarded barcodes with 8 reads = 5379
	un-alignable barcodes with 8 reads = 8625
	aligned barcodes with 9 reads = 53769
	discarded barcodes with 9 reads = 3517
	un-alignable barcodes with 9 reads = 4809
	aligned barcodes with 10 reads = 27064
	discarded barcodes with 10 reads = 2064
	un-alignable barcodes with 10 reads = 2433
	aligned barcodes with 11 reads = 12999
	discarded barcodes with 11 reads = 1018
	un-alignable barcodes with 11 reads = 1134
	aligned barcodes with 12 reads = 5824
	discarded barcodes with 12 reads = 555
	un-alignable barcodes with 12 reads = 532
	aligned barcodes with 13 reads = 2635
	discarded barcodes with 13 reads = 256
	un-alignable barcodes with 13 reads = 213
	aligned barcodes with 14 reads = 1055
	discarded barcodes with 14 reads = 146
	un-alignable barcodes with 14 reads = 97
	aligned barcodes with 15 reads = 410
	discarded barcodes with 15 reads = 84
	un-alignable barcodes with 15 reads = 39
	aligned barcodes with 16 reads = 211
	discarded barcodes with 16 reads = 27
	un-alignable barcodes with 16 reads = 10
	aligned barcodes with 17 reads = 74
	discarded barcodes with 17 reads = 15
	un-alignable barcodes with 17 reads = 6
	aligned barcodes with 18 reads = 33
	discarded barcodes with 18 reads = 9
	un-alignable barcodes with 18 reads = 4
	aligned barcodes with 19 reads = 8
	discarded barcodes with 19 reads = 5
	aligned barcodes with 20 reads = 3
	aligned barcodes with 21 reads = 4
	discarded barcodes with 21 reads = 2
	aligned barcodes with 22 reads = 4
	discarded barcodes with 24 reads = 1
2016-02-22 15:29:42,197 - INFO - Successful completion of dms_barcodedsubamplicons at Mon Feb 22 15:29:42 2016
