2016-02-22 15:20:22,240 - INFO - Beginning execution of dms_barcodedsubamplicons in directory /fh/fast/bloom_j/grp/mike/2016_WSN_HA_analysis_forpaper/alignments

2016-02-22 15:20:22,241 - INFO - Progress will be logged to mutvirus2.log
2016-02-22 15:20:32,777 - INFO - Version information for dms_tools and associated packages.
	Time and date: Mon Feb 22 15:20:22 2016
	Platform: Linux-3.13.0-49-generic-x86_64-with-Ubuntu-14.04-trusty
	Python version: 2.7.6 (default, Mar 22 2014, 22:59:56)  [GCC 4.8.2]
	dms_tools version: 1.1.12
	Bio version: 1.66
	numpy version: 1.10.4
	scipy version: 0.17.0
	matplotlib version: 1.5.1
	cython version: 0.23.4
	pystan version: 2.9.0.0
	weblogolib version: 3.4
	PyPDF2 version: 1.25.1

2016-02-22 15:20:32,778 - INFO - Parsed the following arguments:
	minreadconcurrence = 0.75
	maxmuts = 4
	maxlowqfrac = 0.075
	r1files = ['/fh/fast/bloom_j/grp/mike/2016_WSN_HA_analysis_forpaper/FASTQ_files//mutvirus2_1.fastq']
	minreadidentity = 0.9
	purgefrac = 0
	R1trimlength = 200
	R1_is_antisense = False
	r2files = ['/fh/fast/bloom_j/grp/mike/2016_WSN_HA_analysis_forpaper/FASTQ_files//mutvirus2_2.fastq']
	alignspecs = [(1, 285, 36, 37), (286, 570, 31, 32), (571, 855, 37, 32), (856, 1140, 31, 36), (1141, 1425, 29, 33), (1426, 1698, 40, 43)]
	R2trimlength = 170
	maxreadtrim = 3
	barcodeinfo = True
	chartype = codon
	barcodelength = 8
	minreadsperbarcode = 2
	minq = 15
	outprefix = mutvirus2
	refseq = /fh/fast/bloom_j/grp/mike/2016_WSN_HA_analysis_forpaper/WSN_HA_reference.fa
	purgereadfrac = 0
	seed = 1

2016-02-22 15:20:32,931 - INFO - Read a reference sequence of 566 codons from /fh/fast/bloom_j/grp/mike/2016_WSN_HA_analysis_forpaper/WSN_HA_reference.fa

2016-02-22 15:20:32,931 - INFO - Now parsing reads from the following:
	r1files: /fh/fast/bloom_j/grp/mike/2016_WSN_HA_analysis_forpaper/FASTQ_files//mutvirus2_1.fastq
	r2files: /fh/fast/bloom_j/grp/mike/2016_WSN_HA_analysis_forpaper/FASTQ_files//mutvirus2_2.fastq
2016-02-22 15:20:34,047 - INFO - Reads parsed so far: 100000
2016-02-22 15:20:35,027 - INFO - Reads parsed so far: 200000
2016-02-22 15:20:36,064 - INFO - Reads parsed so far: 300000
2016-02-22 15:20:37,101 - INFO - Reads parsed so far: 400000
2016-02-22 15:20:38,085 - INFO - Reads parsed so far: 500000
2016-02-22 15:20:39,156 - INFO - Reads parsed so far: 600000
2016-02-22 15:20:40,258 - INFO - Reads parsed so far: 700000
2016-02-22 15:20:41,241 - INFO - Reads parsed so far: 800000
2016-02-22 15:20:42,355 - INFO - Reads parsed so far: 900000
2016-02-22 15:20:43,336 - INFO - Reads parsed so far: 1000000
2016-02-22 15:20:44,339 - INFO - Reads parsed so far: 1100000
2016-02-22 15:20:45,550 - INFO - Reads parsed so far: 1200000
2016-02-22 15:20:46,541 - INFO - Reads parsed so far: 1300000
2016-02-22 15:20:47,549 - INFO - Reads parsed so far: 1400000
2016-02-22 15:20:48,801 - INFO - Reads parsed so far: 1500000
2016-02-22 15:20:49,804 - INFO - Reads parsed so far: 1600000
2016-02-22 15:20:50,791 - INFO - Reads parsed so far: 1700000
2016-02-22 15:20:51,778 - INFO - Reads parsed so far: 1800000
2016-02-22 15:20:52,793 - INFO - Reads parsed so far: 1900000
2016-02-22 15:20:53,782 - INFO - Reads parsed so far: 2000000
2016-02-22 15:20:55,219 - INFO - Reads parsed so far: 2100000
2016-02-22 15:20:56,232 - INFO - Reads parsed so far: 2200000
2016-02-22 15:20:57,245 - INFO - Reads parsed so far: 2300000
2016-02-22 15:20:58,232 - INFO - Reads parsed so far: 2400000
2016-02-22 15:20:59,219 - INFO - Reads parsed so far: 2500000
2016-02-22 15:21:00,222 - INFO - Reads parsed so far: 2600000
2016-02-22 15:21:01,208 - INFO - Reads parsed so far: 2700000
2016-02-22 15:21:02,753 - INFO - Reads parsed so far: 2800000
2016-02-22 15:21:03,759 - INFO - Reads parsed so far: 2900000
2016-02-22 15:21:04,747 - INFO - Reads parsed so far: 3000000
2016-02-22 15:21:05,752 - INFO - Reads parsed so far: 3100000
2016-02-22 15:21:06,737 - INFO - Reads parsed so far: 3200000
2016-02-22 15:21:07,724 - INFO - Reads parsed so far: 3300000
2016-02-22 15:21:08,727 - INFO - Reads parsed so far: 3400000
2016-02-22 15:21:09,714 - INFO - Reads parsed so far: 3500000
2016-02-22 15:21:10,715 - INFO - Reads parsed so far: 3600000
2016-02-22 15:21:11,709 - INFO - Reads parsed so far: 3700000
2016-02-22 15:21:12,698 - INFO - Reads parsed so far: 3800000
2016-02-22 15:21:13,701 - INFO - Reads parsed so far: 3900000
2016-02-22 15:21:14,687 - INFO - Reads parsed so far: 4000000
2016-02-22 15:21:16,443 - INFO - Reads parsed so far: 4100000
2016-02-22 15:21:17,462 - INFO - Reads parsed so far: 4200000
2016-02-22 15:21:18,466 - INFO - Reads parsed so far: 4300000
2016-02-22 15:21:19,452 - INFO - Reads parsed so far: 4400000
2016-02-22 15:21:20,443 - INFO - Reads parsed so far: 4500000
2016-02-22 15:21:21,444 - INFO - Reads parsed so far: 4600000
2016-02-22 15:21:22,431 - INFO - Reads parsed so far: 4700000
2016-02-22 15:21:23,434 - INFO - Reads parsed so far: 4800000
2016-02-22 15:21:24,420 - INFO - Reads parsed so far: 4900000
2016-02-22 15:21:25,409 - INFO - Reads parsed so far: 5000000
2016-02-22 15:21:26,411 - INFO - Reads parsed so far: 5100000
2016-02-22 15:21:27,414 - INFO - Reads parsed so far: 5200000
2016-02-22 15:21:28,402 - INFO - Reads parsed so far: 5300000
2016-02-22 15:21:29,403 - INFO - Reads parsed so far: 5400000
2016-02-22 15:21:30,391 - INFO - Reads parsed so far: 5500000
2016-02-22 15:21:31,391 - INFO - Reads parsed so far: 5600000
2016-02-22 15:21:32,429 - INFO - Reads parsed so far: 5700000
2016-02-22 15:21:33,429 - INFO - Reads parsed so far: 5800000
2016-02-22 15:21:34,434 - INFO - Reads parsed so far: 5900000
2016-02-22 15:21:35,422 - INFO - Reads parsed so far: 6000000
2016-02-22 15:21:36,431 - INFO - Reads parsed so far: 6100000
2016-02-22 15:21:37,417 - INFO - Reads parsed so far: 6200000
2016-02-22 15:21:39,544 - INFO - Reads parsed so far: 6300000
2016-02-22 15:21:40,547 - INFO - Reads parsed so far: 6400000
2016-02-22 15:21:41,555 - INFO - Reads parsed so far: 6500000
2016-02-22 15:21:42,558 - INFO - Reads parsed so far: 6600000
2016-02-22 15:21:43,544 - INFO - Reads parsed so far: 6700000
2016-02-22 15:21:44,547 - INFO - Reads parsed so far: 6800000
2016-02-22 15:21:45,555 - INFO - Reads parsed so far: 6900000
2016-02-22 15:21:46,552 - INFO - Reads parsed so far: 7000000
2016-02-22 15:21:47,553 - INFO - Reads parsed so far: 7100000
2016-02-22 15:21:48,587 - INFO - Reads parsed so far: 7200000
2016-02-22 15:21:49,575 - INFO - Reads parsed so far: 7300000
2016-02-22 15:21:50,577 - INFO - Reads parsed so far: 7400000
2016-02-22 15:21:51,570 - INFO - Reads parsed so far: 7500000
2016-02-22 15:21:52,577 - INFO - Reads parsed so far: 7600000
2016-02-22 15:21:53,563 - INFO - Reads parsed so far: 7700000
2016-02-22 15:21:54,551 - INFO - Reads parsed so far: 7800000
2016-02-22 15:21:55,553 - INFO - Reads parsed so far: 7900000
2016-02-22 15:21:56,541 - INFO - Reads parsed so far: 8000000
2016-02-22 15:21:57,563 - INFO - Reads parsed so far: 8100000
2016-02-22 15:21:58,551 - INFO - Reads parsed so far: 8200000
2016-02-22 15:21:59,540 - INFO - Reads parsed so far: 8300000
2016-02-22 15:22:00,545 - INFO - Reads parsed so far: 8400000
2016-02-22 15:22:01,530 - INFO - Reads parsed so far: 8500000
2016-02-22 15:22:02,541 - INFO - Reads parsed so far: 8600000
2016-02-22 15:22:03,546 - INFO - Reads parsed so far: 8700000
2016-02-22 15:22:04,551 - INFO - Reads parsed so far: 8800000
2016-02-22 15:22:05,544 - INFO - Reads parsed so far: 8900000
2016-02-22 15:22:06,557 - INFO - Reads parsed so far: 9000000
2016-02-22 15:22:07,559 - INFO - Reads parsed so far: 9100000
2016-02-22 15:22:08,546 - INFO - Reads parsed so far: 9200000
2016-02-22 15:22:09,584 - INFO - Reads parsed so far: 9300000
2016-02-22 15:22:10,632 - INFO - Reads parsed so far: 9400000
2016-02-22 15:22:11,618 - INFO - Reads parsed so far: 9500000
2016-02-22 15:22:12,622 - INFO - Reads parsed so far: 9600000
2016-02-22 15:22:13,608 - INFO - Reads parsed so far: 9700000
2016-02-22 15:22:14,595 - INFO - Reads parsed so far: 9800000
2016-02-22 15:22:15,609 - INFO - Reads parsed so far: 9900000
2016-02-22 15:22:16,651 - INFO - Reads parsed so far: 10000000
2016-02-22 15:22:17,764 - INFO - Reads parsed so far: 10100000
2016-02-22 15:22:18,775 - INFO - Reads parsed so far: 10200000
2016-02-22 15:22:19,792 - INFO - Reads parsed so far: 10300000
2016-02-22 15:22:20,796 - INFO - Reads parsed so far: 10400000
2016-02-22 15:22:21,799 - INFO - Reads parsed so far: 10500000
2016-02-22 15:22:22,803 - INFO - Reads parsed so far: 10600000
2016-02-22 15:22:23,811 - INFO - Reads parsed so far: 10700000
2016-02-22 15:22:24,817 - INFO - Reads parsed so far: 10800000
2016-02-22 15:22:27,754 - INFO - Reads parsed so far: 10900000
2016-02-22 15:22:28,768 - INFO - Reads parsed so far: 11000000
2016-02-22 15:22:29,774 - INFO - Reads parsed so far: 11100000
2016-02-22 15:22:30,779 - INFO - Reads parsed so far: 11200000
2016-02-22 15:22:31,774 - INFO - Reads parsed so far: 11300000
2016-02-22 15:22:32,778 - INFO - Reads parsed so far: 11400000
2016-02-22 15:22:33,769 - INFO - Reads parsed so far: 11500000
2016-02-22 15:22:34,788 - INFO - Reads parsed so far: 11600000
2016-02-22 15:22:35,794 - INFO - Reads parsed so far: 11700000
2016-02-22 15:22:36,857 - INFO - Reads parsed so far: 11800000
2016-02-22 15:22:37,863 - INFO - Reads parsed so far: 11900000
2016-02-22 15:22:38,853 - INFO - Reads parsed so far: 12000000
2016-02-22 15:22:39,859 - INFO - Reads parsed so far: 12100000
2016-02-22 15:22:40,865 - INFO - Reads parsed so far: 12200000
2016-02-22 15:22:41,856 - INFO - Reads parsed so far: 12300000
2016-02-22 15:22:42,933 - INFO - Reads parsed so far: 12400000
2016-02-22 15:22:43,924 - INFO - Reads parsed so far: 12500000
2016-02-22 15:22:44,983 - INFO - Reads parsed so far: 12600000
2016-02-22 15:22:45,996 - INFO - Reads parsed so far: 12700000
2016-02-22 15:22:47,007 - INFO - Reads parsed so far: 12800000
2016-02-22 15:22:48,039 - INFO - Reads parsed so far: 12900000
2016-02-22 15:22:49,030 - INFO - Reads parsed so far: 13000000
2016-02-22 15:22:50,035 - INFO - Reads parsed so far: 13100000
2016-02-22 15:22:51,130 - INFO - Reads parsed so far: 13200000
2016-02-22 15:22:52,120 - INFO - Reads parsed so far: 13300000
2016-02-22 15:22:52,484 - INFO - Finished parsing all 13337366 reads; ended up with 3563833 unique barcodes.

2016-02-22 15:22:52,487 - INFO - Now examining the 3563833 barcodes to see if reads meet criteria for retention
2016-02-22 15:23:03,335 - INFO - Barcodes examined so far: 100000
2016-02-22 15:23:13,925 - INFO - Barcodes examined so far: 200000
2016-02-22 15:23:24,552 - INFO - Barcodes examined so far: 300000
2016-02-22 15:23:35,101 - INFO - Barcodes examined so far: 400000
2016-02-22 15:23:45,668 - INFO - Barcodes examined so far: 500000
2016-02-22 15:23:56,274 - INFO - Barcodes examined so far: 600000
2016-02-22 15:24:06,796 - INFO - Barcodes examined so far: 700000
2016-02-22 15:24:17,382 - INFO - Barcodes examined so far: 800000
2016-02-22 15:24:27,950 - INFO - Barcodes examined so far: 900000
2016-02-22 15:24:38,482 - INFO - Barcodes examined so far: 1000000
2016-02-22 15:24:48,940 - INFO - Barcodes examined so far: 1100000
2016-02-22 15:24:59,483 - INFO - Barcodes examined so far: 1200000
2016-02-22 15:25:09,976 - INFO - Barcodes examined so far: 1300000
2016-02-22 15:25:20,460 - INFO - Barcodes examined so far: 1400000
2016-02-22 15:25:30,999 - INFO - Barcodes examined so far: 1500000
2016-02-22 15:25:41,486 - INFO - Barcodes examined so far: 1600000
2016-02-22 15:25:51,973 - INFO - Barcodes examined so far: 1700000
2016-02-22 15:26:02,493 - INFO - Barcodes examined so far: 1800000
2016-02-22 15:26:13,223 - INFO - Barcodes examined so far: 1900000
2016-02-22 15:26:23,970 - INFO - Barcodes examined so far: 2000000
2016-02-22 15:26:34,677 - INFO - Barcodes examined so far: 2100000
2016-02-22 15:26:45,358 - INFO - Barcodes examined so far: 2200000
2016-02-22 15:26:56,035 - INFO - Barcodes examined so far: 2300000
2016-02-22 15:27:06,641 - INFO - Barcodes examined so far: 2400000
2016-02-22 15:27:17,282 - INFO - Barcodes examined so far: 2500000
2016-02-22 15:27:27,941 - INFO - Barcodes examined so far: 2600000
2016-02-22 15:27:38,619 - INFO - Barcodes examined so far: 2700000
2016-02-22 15:27:49,376 - INFO - Barcodes examined so far: 2800000
2016-02-22 15:28:00,344 - INFO - Barcodes examined so far: 2900000
2016-02-22 15:28:11,557 - INFO - Barcodes examined so far: 3000000
2016-02-22 15:28:23,042 - INFO - Barcodes examined so far: 3100000
2016-02-22 15:28:34,932 - INFO - Barcodes examined so far: 3200000
2016-02-22 15:28:47,377 - INFO - Barcodes examined so far: 3300000
2016-02-22 15:29:00,538 - INFO - Barcodes examined so far: 3400000
2016-02-22 15:29:15,431 - INFO - Barcodes examined so far: 3500000
2016-02-22 15:29:29,626 - INFO - Finished examining all 3563833 barcodes

2016-02-22 15:29:29,627 - INFO - Writing the codon counts to mutvirus2counts.txt
2016-02-22 15:29:29,652 - INFO - Here are the summary statistics (these are also being written to mutvirus2summarystats.txt):
	total read pairs = 13337366
	read pairs that fail Illumina filter = 0
	low quality read pairs = 1748280
	barcodes randomly purged = 0
	discarded barcodes with 1 reads = 1232188
	aligned barcodes with 2 reads = 365920
	discarded barcodes with 2 reads = 5073
	un-alignable barcodes with 2 reads = 42096
	aligned barcodes with 3 reads = 421344
	discarded barcodes with 3 reads = 8669
	un-alignable barcodes with 3 reads = 48468
	aligned barcodes with 4 reads = 404835
	discarded barcodes with 4 reads = 11151
	un-alignable barcodes with 4 reads = 38009
	aligned barcodes with 5 reads = 325290
	discarded barcodes with 5 reads = 11059
	un-alignable barcodes with 5 reads = 30043
	aligned barcodes with 6 reads = 230133
	discarded barcodes with 6 reads = 9592
	un-alignable barcodes with 6 reads = 20938
	aligned barcodes with 7 reads = 145981
	discarded barcodes with 7 reads = 7172
	un-alignable barcodes with 7 reads = 13253
	aligned barcodes with 8 reads = 83708
	discarded barcodes with 8 reads = 4811
	un-alignable barcodes with 8 reads = 7423
	aligned barcodes with 9 reads = 44174
	discarded barcodes with 9 reads = 2883
	un-alignable barcodes with 9 reads = 3976
	aligned barcodes with 10 reads = 21614
	discarded barcodes with 10 reads = 1601
	un-alignable barcodes with 10 reads = 1999
	aligned barcodes with 11 reads = 9839
	discarded barcodes with 11 reads = 920
	un-alignable barcodes with 11 reads = 942
	aligned barcodes with 12 reads = 4350
	discarded barcodes with 12 reads = 436
	un-alignable barcodes with 12 reads = 383
	aligned barcodes with 13 reads = 1790
	discarded barcodes with 13 reads = 203
	un-alignable barcodes with 13 reads = 144
	aligned barcodes with 14 reads = 664
	discarded barcodes with 14 reads = 98
	un-alignable barcodes with 14 reads = 54
	aligned barcodes with 15 reads = 267
	discarded barcodes with 15 reads = 48
	un-alignable barcodes with 15 reads = 19
	aligned barcodes with 16 reads = 109
	discarded barcodes with 16 reads = 27
	un-alignable barcodes with 16 reads = 10
	aligned barcodes with 17 reads = 59
	discarded barcodes with 17 reads = 11
	un-alignable barcodes with 17 reads = 6
	aligned barcodes with 18 reads = 23
	discarded barcodes with 18 reads = 2
	un-alignable barcodes with 18 reads = 3
	aligned barcodes with 19 reads = 7
	discarded barcodes with 19 reads = 4
	un-alignable barcodes with 19 reads = 1
	aligned barcodes with 20 reads = 4
	aligned barcodes with 21 reads = 3
	discarded barcodes with 21 reads = 2
	aligned barcodes with 22 reads = 1
	aligned barcodes with 23 reads = 1
2016-02-22 15:29:29,652 - INFO - Successful completion of dms_barcodedsubamplicons at Mon Feb 22 15:29:29 2016
