2016-02-22 15:15:24,728 - INFO - Beginning execution of dms_barcodedsubamplicons in directory /fh/fast/bloom_j/grp/mike/2016_WSN_HA_analysis_forpaper/alignments

2016-02-22 15:15:24,728 - INFO - Progress will be logged to wtDNA.log
2016-02-22 15:15:32,694 - INFO - Version information for dms_tools and associated packages.
	Time and date: Mon Feb 22 15:15:24 2016
	Platform: Linux-3.13.0-49-generic-x86_64-with-Ubuntu-14.04-trusty
	Python version: 2.7.6 (default, Mar 22 2014, 22:59:56)  [GCC 4.8.2]
	dms_tools version: 1.1.12
	Bio version: 1.66
	numpy version: 1.10.4
	scipy version: 0.17.0
	matplotlib version: 1.5.1
	cython version: 0.23.4
	pystan version: 2.9.0.0
	weblogolib version: 3.4
	PyPDF2 version: 1.25.1

2016-02-22 15:15:32,695 - INFO - Parsed the following arguments:
	minreadconcurrence = 0.75
	maxmuts = 4
	maxlowqfrac = 0.075
	r1files = ['/fh/fast/bloom_j/grp/mike/2016_WSN_HA_analysis_forpaper/FASTQ_files//wtDNA_1.fastq']
	minreadidentity = 0.9
	purgefrac = 0
	R1trimlength = 200
	R1_is_antisense = False
	r2files = ['/fh/fast/bloom_j/grp/mike/2016_WSN_HA_analysis_forpaper/FASTQ_files//wtDNA_2.fastq']
	alignspecs = [(1, 285, 36, 37), (286, 570, 31, 32), (571, 855, 37, 32), (856, 1140, 31, 36), (1141, 1425, 29, 33), (1426, 1698, 40, 43)]
	R2trimlength = 170
	maxreadtrim = 3
	barcodeinfo = True
	chartype = codon
	barcodelength = 8
	minreadsperbarcode = 2
	minq = 15
	outprefix = wtDNA
	refseq = /fh/fast/bloom_j/grp/mike/2016_WSN_HA_analysis_forpaper/WSN_HA_reference.fa
	purgereadfrac = 0
	seed = 1

2016-02-22 15:15:32,950 - INFO - Read a reference sequence of 566 codons from /fh/fast/bloom_j/grp/mike/2016_WSN_HA_analysis_forpaper/WSN_HA_reference.fa

2016-02-22 15:15:32,950 - INFO - Now parsing reads from the following:
	r1files: /fh/fast/bloom_j/grp/mike/2016_WSN_HA_analysis_forpaper/FASTQ_files//wtDNA_1.fastq
	r2files: /fh/fast/bloom_j/grp/mike/2016_WSN_HA_analysis_forpaper/FASTQ_files//wtDNA_2.fastq
2016-02-22 15:15:34,208 - INFO - Reads parsed so far: 100000
2016-02-22 15:15:35,182 - INFO - Reads parsed so far: 200000
2016-02-22 15:15:36,216 - INFO - Reads parsed so far: 300000
2016-02-22 15:15:37,221 - INFO - Reads parsed so far: 400000
2016-02-22 15:15:38,285 - INFO - Reads parsed so far: 500000
2016-02-22 15:15:39,516 - INFO - Reads parsed so far: 600000
2016-02-22 15:15:40,626 - INFO - Reads parsed so far: 700000
2016-02-22 15:15:41,663 - INFO - Reads parsed so far: 800000
2016-02-22 15:15:43,020 - INFO - Reads parsed so far: 900000
2016-02-22 15:15:44,011 - INFO - Reads parsed so far: 1000000
2016-02-22 15:15:45,196 - INFO - Reads parsed so far: 1100000
2016-02-22 15:15:46,187 - INFO - Reads parsed so far: 1200000
2016-02-22 15:15:47,582 - INFO - Reads parsed so far: 1300000
2016-02-22 15:15:49,513 - INFO - Reads parsed so far: 1400000
2016-02-22 15:15:51,548 - INFO - Reads parsed so far: 1500000
2016-02-22 15:15:53,423 - INFO - Reads parsed so far: 1600000
2016-02-22 15:15:54,626 - INFO - Reads parsed so far: 1700000
2016-02-22 15:15:55,624 - INFO - Reads parsed so far: 1800000
2016-02-22 15:15:56,702 - INFO - Reads parsed so far: 1900000
2016-02-22 15:15:58,549 - INFO - Reads parsed so far: 2000000
2016-02-22 15:15:59,687 - INFO - Reads parsed so far: 2100000
2016-02-22 15:16:00,753 - INFO - Reads parsed so far: 2200000
2016-02-22 15:16:01,731 - INFO - Reads parsed so far: 2300000
2016-02-22 15:16:02,711 - INFO - Reads parsed so far: 2400000
2016-02-22 15:16:03,691 - INFO - Reads parsed so far: 2500000
2016-02-22 15:16:04,671 - INFO - Reads parsed so far: 2600000
2016-02-22 15:16:06,212 - INFO - Reads parsed so far: 2700000
2016-02-22 15:16:07,190 - INFO - Reads parsed so far: 2800000
2016-02-22 15:16:08,168 - INFO - Reads parsed so far: 2900000
2016-02-22 15:16:09,145 - INFO - Reads parsed so far: 3000000
2016-02-22 15:16:10,130 - INFO - Reads parsed so far: 3100000
2016-02-22 15:16:11,109 - INFO - Reads parsed so far: 3200000
2016-02-22 15:16:12,114 - INFO - Reads parsed so far: 3300000
2016-02-22 15:16:13,363 - INFO - Reads parsed so far: 3400000
2016-02-22 15:16:14,677 - INFO - Reads parsed so far: 3500000
2016-02-22 15:16:15,655 - INFO - Reads parsed so far: 3600000
2016-02-22 15:16:16,642 - INFO - Reads parsed so far: 3700000
2016-02-22 15:16:18,622 - INFO - Reads parsed so far: 3800000
2016-02-22 15:16:19,981 - INFO - Reads parsed so far: 3900000
2016-02-22 15:16:20,960 - INFO - Reads parsed so far: 4000000
2016-02-22 15:16:22,132 - INFO - Reads parsed so far: 4100000
2016-02-22 15:16:23,178 - INFO - Reads parsed so far: 4200000
2016-02-22 15:16:24,534 - INFO - Reads parsed so far: 4300000
2016-02-22 15:16:25,532 - INFO - Reads parsed so far: 4400000
2016-02-22 15:16:26,631 - INFO - Reads parsed so far: 4500000
2016-02-22 15:16:27,655 - INFO - Reads parsed so far: 4600000
2016-02-22 15:16:28,645 - INFO - Reads parsed so far: 4700000
2016-02-22 15:16:29,625 - INFO - Reads parsed so far: 4800000
2016-02-22 15:16:30,615 - INFO - Reads parsed so far: 4900000
2016-02-22 15:16:31,651 - INFO - Reads parsed so far: 5000000
2016-02-22 15:16:32,784 - INFO - Reads parsed so far: 5100000
2016-02-22 15:16:33,886 - INFO - Reads parsed so far: 5200000
2016-02-22 15:16:34,885 - INFO - Reads parsed so far: 5300000
2016-02-22 15:16:36,075 - INFO - Reads parsed so far: 5400000
2016-02-22 15:16:37,219 - INFO - Reads parsed so far: 5500000
2016-02-22 15:16:38,229 - INFO - Reads parsed so far: 5600000
2016-02-22 15:16:39,472 - INFO - Reads parsed so far: 5700000
2016-02-22 15:16:41,580 - INFO - Reads parsed so far: 5800000
2016-02-22 15:16:42,574 - INFO - Reads parsed so far: 5900000
2016-02-22 15:16:43,596 - INFO - Reads parsed so far: 6000000
2016-02-22 15:16:44,581 - INFO - Reads parsed so far: 6100000
2016-02-22 15:16:45,621 - INFO - Reads parsed so far: 6200000
2016-02-22 15:16:47,013 - INFO - Reads parsed so far: 6300000
2016-02-22 15:16:48,017 - INFO - Reads parsed so far: 6400000
2016-02-22 15:16:49,179 - INFO - Reads parsed so far: 6500000
2016-02-22 15:16:50,317 - INFO - Reads parsed so far: 6600000
2016-02-22 15:16:51,333 - INFO - Reads parsed so far: 6700000
2016-02-22 15:16:52,315 - INFO - Reads parsed so far: 6800000
2016-02-22 15:16:53,295 - INFO - Reads parsed so far: 6900000
2016-02-22 15:16:54,346 - INFO - Reads parsed so far: 7000000
2016-02-22 15:16:55,398 - INFO - Reads parsed so far: 7100000
2016-02-22 15:16:56,368 - INFO - Reads parsed so far: 7200000
2016-02-22 15:16:57,361 - INFO - Reads parsed so far: 7300000
2016-02-22 15:16:58,352 - INFO - Reads parsed so far: 7400000
2016-02-22 15:16:59,333 - INFO - Reads parsed so far: 7500000
2016-02-22 15:17:00,339 - INFO - Reads parsed so far: 7600000
2016-02-22 15:17:01,456 - INFO - Reads parsed so far: 7700000
2016-02-22 15:17:03,260 - INFO - Reads parsed so far: 7800000
2016-02-22 15:17:04,242 - INFO - Reads parsed so far: 7900000
2016-02-22 15:17:05,222 - INFO - Reads parsed so far: 8000000
2016-02-22 15:17:06,203 - INFO - Reads parsed so far: 8100000
2016-02-22 15:17:07,277 - INFO - Reads parsed so far: 8200000
2016-02-22 15:17:08,291 - INFO - Reads parsed so far: 8300000
2016-02-22 15:17:09,470 - INFO - Reads parsed so far: 8400000
2016-02-22 15:17:10,532 - INFO - Reads parsed so far: 8500000
2016-02-22 15:17:11,511 - INFO - Reads parsed so far: 8600000
2016-02-22 15:17:12,487 - INFO - Reads parsed so far: 8700000
2016-02-22 15:17:13,519 - INFO - Reads parsed so far: 8800000
2016-02-22 15:17:14,522 - INFO - Reads parsed so far: 8900000
2016-02-22 15:17:15,486 - INFO - Reads parsed so far: 9000000
2016-02-22 15:17:16,596 - INFO - Reads parsed so far: 9100000
2016-02-22 15:17:17,591 - INFO - Reads parsed so far: 9200000
2016-02-22 15:17:18,568 - INFO - Reads parsed so far: 9300000
2016-02-22 15:17:19,575 - INFO - Reads parsed so far: 9400000
2016-02-22 15:17:20,572 - INFO - Reads parsed so far: 9500000
2016-02-22 15:17:23,467 - INFO - Reads parsed so far: 9600000
2016-02-22 15:17:24,718 - INFO - Reads parsed so far: 9700000
2016-02-22 15:17:25,768 - INFO - Reads parsed so far: 9800000
2016-02-22 15:17:26,748 - INFO - Reads parsed so far: 9900000
2016-02-22 15:17:28,242 - INFO - Reads parsed so far: 10000000
2016-02-22 15:17:29,239 - INFO - Reads parsed so far: 10100000
2016-02-22 15:17:30,228 - INFO - Reads parsed so far: 10200000
2016-02-22 15:17:31,212 - INFO - Reads parsed so far: 10300000
2016-02-22 15:17:32,274 - INFO - Reads parsed so far: 10400000
2016-02-22 15:17:33,517 - INFO - Reads parsed so far: 10500000
2016-02-22 15:17:34,526 - INFO - Reads parsed so far: 10600000
2016-02-22 15:17:35,636 - INFO - Reads parsed so far: 10700000
2016-02-22 15:17:36,619 - INFO - Reads parsed so far: 10800000
2016-02-22 15:17:37,603 - INFO - Reads parsed so far: 10900000
2016-02-22 15:17:38,614 - INFO - Reads parsed so far: 11000000
2016-02-22 15:17:39,598 - INFO - Reads parsed so far: 11100000
2016-02-22 15:17:40,611 - INFO - Reads parsed so far: 11200000
2016-02-22 15:17:42,039 - INFO - Reads parsed so far: 11300000
2016-02-22 15:17:43,142 - INFO - Reads parsed so far: 11400000
2016-02-22 15:17:44,097 - INFO - Reads parsed so far: 11500000
2016-02-22 15:17:45,094 - INFO - Reads parsed so far: 11600000
2016-02-22 15:17:46,079 - INFO - Reads parsed so far: 11700000
2016-02-22 15:17:47,192 - INFO - Reads parsed so far: 11800000
2016-02-22 15:17:48,176 - INFO - Reads parsed so far: 11900000
2016-02-22 15:17:49,174 - INFO - Reads parsed so far: 12000000
2016-02-22 15:17:50,181 - INFO - Reads parsed so far: 12100000
2016-02-22 15:17:51,275 - INFO - Reads parsed so far: 12200000
2016-02-22 15:17:52,334 - INFO - Reads parsed so far: 12300000
2016-02-22 15:17:53,317 - INFO - Reads parsed so far: 12400000
2016-02-22 15:17:54,303 - INFO - Reads parsed so far: 12500000
2016-02-22 15:17:55,369 - INFO - Reads parsed so far: 12600000
2016-02-22 15:17:56,440 - INFO - Reads parsed so far: 12700000
2016-02-22 15:17:57,527 - INFO - Reads parsed so far: 12800000
2016-02-22 15:17:58,501 - INFO - Finished parsing all 12899905 reads; ended up with 3682683 unique barcodes.

2016-02-22 15:17:58,504 - INFO - Now examining the 3682683 barcodes to see if reads meet criteria for retention
2016-02-22 15:18:08,889 - INFO - Barcodes examined so far: 100000
2016-02-22 15:18:19,114 - INFO - Barcodes examined so far: 200000
2016-02-22 15:18:29,326 - INFO - Barcodes examined so far: 300000
2016-02-22 15:18:39,505 - INFO - Barcodes examined so far: 400000
2016-02-22 15:18:49,672 - INFO - Barcodes examined so far: 500000
2016-02-22 15:18:59,872 - INFO - Barcodes examined so far: 600000
2016-02-22 15:19:09,993 - INFO - Barcodes examined so far: 700000
2016-02-22 15:19:20,119 - INFO - Barcodes examined so far: 800000
2016-02-22 15:19:30,261 - INFO - Barcodes examined so far: 900000
2016-02-22 15:19:40,342 - INFO - Barcodes examined so far: 1000000
2016-02-22 15:19:50,389 - INFO - Barcodes examined so far: 1100000
2016-02-22 15:20:00,496 - INFO - Barcodes examined so far: 1200000
2016-02-22 15:20:10,563 - INFO - Barcodes examined so far: 1300000
2016-02-22 15:20:20,660 - INFO - Barcodes examined so far: 1400000
2016-02-22 15:20:30,823 - INFO - Barcodes examined so far: 1500000
2016-02-22 15:20:40,959 - INFO - Barcodes examined so far: 1600000
2016-02-22 15:20:51,085 - INFO - Barcodes examined so far: 1700000
2016-02-22 15:21:01,254 - INFO - Barcodes examined so far: 1800000
2016-02-22 15:21:11,468 - INFO - Barcodes examined so far: 1900000
2016-02-22 15:21:21,755 - INFO - Barcodes examined so far: 2000000
2016-02-22 15:21:31,993 - INFO - Barcodes examined so far: 2100000
2016-02-22 15:21:42,222 - INFO - Barcodes examined so far: 2200000
2016-02-22 15:21:52,507 - INFO - Barcodes examined so far: 2300000
2016-02-22 15:22:02,711 - INFO - Barcodes examined so far: 2400000
2016-02-22 15:22:12,933 - INFO - Barcodes examined so far: 2500000
2016-02-22 15:22:23,202 - INFO - Barcodes examined so far: 2600000
2016-02-22 15:22:33,496 - INFO - Barcodes examined so far: 2700000
2016-02-22 15:22:43,760 - INFO - Barcodes examined so far: 2800000
2016-02-22 15:22:54,162 - INFO - Barcodes examined so far: 2900000
2016-02-22 15:23:04,752 - INFO - Barcodes examined so far: 3000000
2016-02-22 15:23:15,617 - INFO - Barcodes examined so far: 3100000
2016-02-22 15:23:26,701 - INFO - Barcodes examined so far: 3200000
2016-02-22 15:23:38,083 - INFO - Barcodes examined so far: 3300000
2016-02-22 15:23:49,975 - INFO - Barcodes examined so far: 3400000
2016-02-22 15:24:02,502 - INFO - Barcodes examined so far: 3500000
2016-02-22 15:24:16,426 - INFO - Barcodes examined so far: 3600000
2016-02-22 15:24:33,008 - INFO - Finished examining all 3682683 barcodes

2016-02-22 15:24:33,009 - INFO - Writing the codon counts to wtDNAcounts.txt
2016-02-22 15:24:33,032 - INFO - Here are the summary statistics (these are also being written to wtDNAsummarystats.txt):
	total read pairs = 12899905
	read pairs that fail Illumina filter = 0
	low quality read pairs = 1570154
	barcodes randomly purged = 0
	discarded barcodes with 1 reads = 1246234
	aligned barcodes with 2 reads = 454341
	discarded barcodes with 2 reads = 6375
	un-alignable barcodes with 2 reads = 47396
	aligned barcodes with 3 reads = 493643
	discarded barcodes with 3 reads = 10202
	un-alignable barcodes with 3 reads = 52121
	aligned barcodes with 4 reads = 441717
	discarded barcodes with 4 reads = 12010
	un-alignable barcodes with 4 reads = 38429
	aligned barcodes with 5 reads = 328349
	discarded barcodes with 5 reads = 11017
	un-alignable barcodes with 5 reads = 27906
	aligned barcodes with 6 reads = 212996
	discarded barcodes with 6 reads = 8659
	un-alignable barcodes with 6 reads = 17733
	aligned barcodes with 7 reads = 122535
	discarded barcodes with 7 reads = 5832
	un-alignable barcodes with 7 reads = 9957
	aligned barcodes with 8 reads = 64111
	discarded barcodes with 8 reads = 3501
	un-alignable barcodes with 8 reads = 5277
	aligned barcodes with 9 reads = 30732
	discarded barcodes with 9 reads = 1995
	un-alignable barcodes with 9 reads = 2550
	aligned barcodes with 10 reads = 13642
	discarded barcodes with 10 reads = 1023
	un-alignable barcodes with 10 reads = 1163
	aligned barcodes with 11 reads = 5760
	discarded barcodes with 11 reads = 519
	un-alignable barcodes with 11 reads = 483
	aligned barcodes with 12 reads = 2303
	discarded barcodes with 12 reads = 242
	un-alignable barcodes with 12 reads = 179
	aligned barcodes with 13 reads = 882
	discarded barcodes with 13 reads = 111
	un-alignable barcodes with 13 reads = 82
	aligned barcodes with 14 reads = 348
	discarded barcodes with 14 reads = 65
	un-alignable barcodes with 14 reads = 20
	aligned barcodes with 15 reads = 109
	discarded barcodes with 15 reads = 23
	un-alignable barcodes with 15 reads = 8
	aligned barcodes with 16 reads = 41
	discarded barcodes with 16 reads = 19
	un-alignable barcodes with 16 reads = 2
	aligned barcodes with 17 reads = 16
	discarded barcodes with 17 reads = 6
	aligned barcodes with 18 reads = 7
	discarded barcodes with 18 reads = 4
	aligned barcodes with 19 reads = 1
	discarded barcodes with 19 reads = 3
	aligned barcodes with 20 reads = 1
	discarded barcodes with 20 reads = 1
	discarded barcodes with 21 reads = 1
	aligned barcodes with 22 reads = 1
2016-02-22 15:24:33,032 - INFO - Successful completion of dms_barcodedsubamplicons at Mon Feb 22 15:24:33 2016
