2016-02-22 15:20:59,500 - INFO - Beginning execution of dms_barcodedsubamplicons in directory /fh/fast/bloom_j/grp/mike/2016_WSN_HA_analysis_forpaper/alignments

2016-02-22 15:20:59,500 - INFO - Progress will be logged to wtvirus.log
2016-02-22 15:21:11,314 - INFO - Version information for dms_tools and associated packages.
	Time and date: Mon Feb 22 15:20:59 2016
	Platform: Linux-3.13.0-49-generic-x86_64-with-Ubuntu-14.04-trusty
	Python version: 2.7.6 (default, Mar 22 2014, 22:59:56)  [GCC 4.8.2]
	dms_tools version: 1.1.12
	Bio version: 1.66
	numpy version: 1.10.4
	scipy version: 0.17.0
	matplotlib version: 1.5.1
	cython version: 0.23.4
	pystan version: 2.9.0.0
	weblogolib version: 3.4
	PyPDF2 version: 1.25.1

2016-02-22 15:21:11,315 - INFO - Parsed the following arguments:
	minreadconcurrence = 0.75
	maxmuts = 4
	maxlowqfrac = 0.075
	r1files = ['/fh/fast/bloom_j/grp/mike/2016_WSN_HA_analysis_forpaper/FASTQ_files//wtvirus_1.fastq']
	minreadidentity = 0.9
	purgefrac = 0
	R1trimlength = 200
	R1_is_antisense = False
	r2files = ['/fh/fast/bloom_j/grp/mike/2016_WSN_HA_analysis_forpaper/FASTQ_files//wtvirus_2.fastq']
	alignspecs = [(1, 285, 36, 37), (286, 570, 31, 32), (571, 855, 37, 32), (856, 1140, 31, 36), (1141, 1425, 29, 33), (1426, 1698, 40, 43)]
	R2trimlength = 170
	maxreadtrim = 3
	barcodeinfo = True
	chartype = codon
	barcodelength = 8
	minreadsperbarcode = 2
	minq = 15
	outprefix = wtvirus
	refseq = /fh/fast/bloom_j/grp/mike/2016_WSN_HA_analysis_forpaper/WSN_HA_reference.fa
	purgereadfrac = 0
	seed = 1

2016-02-22 15:21:11,431 - INFO - Read a reference sequence of 566 codons from /fh/fast/bloom_j/grp/mike/2016_WSN_HA_analysis_forpaper/WSN_HA_reference.fa

2016-02-22 15:21:11,431 - INFO - Now parsing reads from the following:
	r1files: /fh/fast/bloom_j/grp/mike/2016_WSN_HA_analysis_forpaper/FASTQ_files//wtvirus_1.fastq
	r2files: /fh/fast/bloom_j/grp/mike/2016_WSN_HA_analysis_forpaper/FASTQ_files//wtvirus_2.fastq
2016-02-22 15:21:12,728 - INFO - Reads parsed so far: 100000
2016-02-22 15:21:13,689 - INFO - Reads parsed so far: 200000
2016-02-22 15:21:14,730 - INFO - Reads parsed so far: 300000
2016-02-22 15:21:15,758 - INFO - Reads parsed so far: 400000
2016-02-22 15:21:16,826 - INFO - Reads parsed so far: 500000
2016-02-22 15:21:17,794 - INFO - Reads parsed so far: 600000
2016-02-22 15:21:18,884 - INFO - Reads parsed so far: 700000
2016-02-22 15:21:19,865 - INFO - Reads parsed so far: 800000
2016-02-22 15:21:20,995 - INFO - Reads parsed so far: 900000
2016-02-22 15:21:21,955 - INFO - Reads parsed so far: 1000000
2016-02-22 15:21:23,135 - INFO - Reads parsed so far: 1100000
2016-02-22 15:21:24,131 - INFO - Reads parsed so far: 1200000
2016-02-22 15:21:25,115 - INFO - Reads parsed so far: 1300000
2016-02-22 15:21:26,098 - INFO - Reads parsed so far: 1400000
2016-02-22 15:21:27,345 - INFO - Reads parsed so far: 1500000
2016-02-22 15:21:28,342 - INFO - Reads parsed so far: 1600000
2016-02-22 15:21:29,325 - INFO - Reads parsed so far: 1700000
2016-02-22 15:21:30,309 - INFO - Reads parsed so far: 1800000
2016-02-22 15:21:31,291 - INFO - Reads parsed so far: 1900000
2016-02-22 15:21:32,644 - INFO - Reads parsed so far: 2000000
2016-02-22 15:21:33,648 - INFO - Reads parsed so far: 2100000
2016-02-22 15:21:34,646 - INFO - Reads parsed so far: 2200000
2016-02-22 15:21:35,634 - INFO - Reads parsed so far: 2300000
2016-02-22 15:21:36,620 - INFO - Reads parsed so far: 2400000
2016-02-22 15:21:37,602 - INFO - Reads parsed so far: 2500000
2016-02-22 15:21:39,126 - INFO - Reads parsed so far: 2600000
2016-02-22 15:21:40,117 - INFO - Reads parsed so far: 2700000
2016-02-22 15:21:41,099 - INFO - Reads parsed so far: 2800000
2016-02-22 15:21:42,084 - INFO - Reads parsed so far: 2900000
2016-02-22 15:21:43,067 - INFO - Reads parsed so far: 3000000
2016-02-22 15:21:44,050 - INFO - Reads parsed so far: 3100000
2016-02-22 15:21:45,031 - INFO - Reads parsed so far: 3200000
2016-02-22 15:21:46,030 - INFO - Reads parsed so far: 3300000
2016-02-22 15:21:47,040 - INFO - Reads parsed so far: 3400000
2016-02-22 15:21:48,036 - INFO - Reads parsed so far: 3500000
2016-02-22 15:21:49,019 - INFO - Reads parsed so far: 3600000
2016-02-22 15:21:50,721 - INFO - Reads parsed so far: 3700000
2016-02-22 15:21:51,709 - INFO - Reads parsed so far: 3800000
2016-02-22 15:21:52,730 - INFO - Reads parsed so far: 3900000
2016-02-22 15:21:53,730 - INFO - Reads parsed so far: 4000000
2016-02-22 15:21:54,712 - INFO - Reads parsed so far: 4100000
2016-02-22 15:21:55,694 - INFO - Reads parsed so far: 4200000
2016-02-22 15:21:56,693 - INFO - Reads parsed so far: 4300000
2016-02-22 15:21:57,674 - INFO - Reads parsed so far: 4400000
2016-02-22 15:21:58,659 - INFO - Reads parsed so far: 4500000
2016-02-22 15:21:59,651 - INFO - Reads parsed so far: 4600000
2016-02-22 15:22:00,653 - INFO - Reads parsed so far: 4700000
2016-02-22 15:22:01,635 - INFO - Reads parsed so far: 4800000
2016-02-22 15:22:02,623 - INFO - Reads parsed so far: 4900000
2016-02-22 15:22:03,606 - INFO - Reads parsed so far: 5000000
2016-02-22 15:22:04,601 - INFO - Reads parsed so far: 5100000
2016-02-22 15:22:05,583 - INFO - Reads parsed so far: 5200000
2016-02-22 15:22:06,583 - INFO - Reads parsed so far: 5300000
2016-02-22 15:22:08,543 - INFO - Reads parsed so far: 5400000
2016-02-22 15:22:09,572 - INFO - Reads parsed so far: 5500000
2016-02-22 15:22:10,555 - INFO - Reads parsed so far: 5600000
2016-02-22 15:22:11,584 - INFO - Reads parsed so far: 5700000
2016-02-22 15:22:12,568 - INFO - Reads parsed so far: 5800000
2016-02-22 15:22:13,550 - INFO - Reads parsed so far: 5900000
2016-02-22 15:22:14,584 - INFO - Reads parsed so far: 6000000
2016-02-22 15:22:15,576 - INFO - Reads parsed so far: 6100000
2016-02-22 15:22:16,559 - INFO - Reads parsed so far: 6200000
2016-02-22 15:22:17,664 - INFO - Reads parsed so far: 6300000
2016-02-22 15:22:18,722 - INFO - Reads parsed so far: 6400000
2016-02-22 15:22:19,705 - INFO - Reads parsed so far: 6500000
2016-02-22 15:22:20,688 - INFO - Reads parsed so far: 6600000
2016-02-22 15:22:21,672 - INFO - Reads parsed so far: 6700000
2016-02-22 15:22:22,669 - INFO - Reads parsed so far: 6800000
2016-02-22 15:22:23,689 - INFO - Reads parsed so far: 6900000
2016-02-22 15:22:24,673 - INFO - Reads parsed so far: 7000000
2016-02-22 15:22:25,655 - INFO - Reads parsed so far: 7100000
2016-02-22 15:22:26,643 - INFO - Reads parsed so far: 7200000
2016-02-22 15:22:27,641 - INFO - Reads parsed so far: 7300000
2016-02-22 15:22:28,630 - INFO - Reads parsed so far: 7400000
2016-02-22 15:22:29,650 - INFO - Reads parsed so far: 7500000
2016-02-22 15:22:30,633 - INFO - Reads parsed so far: 7600000
2016-02-22 15:22:31,615 - INFO - Reads parsed so far: 7700000
2016-02-22 15:22:32,614 - INFO - Reads parsed so far: 7800000
2016-02-22 15:22:33,622 - INFO - Reads parsed so far: 7900000
2016-02-22 15:22:34,630 - INFO - Reads parsed so far: 8000000
2016-02-22 15:22:35,642 - INFO - Reads parsed so far: 8100000
2016-02-22 15:22:36,637 - INFO - Reads parsed so far: 8200000
2016-02-22 15:22:37,643 - INFO - Reads parsed so far: 8300000
2016-02-22 15:22:38,644 - INFO - Reads parsed so far: 8400000
2016-02-22 15:22:41,175 - INFO - Reads parsed so far: 8500000
2016-02-22 15:22:42,235 - INFO - Reads parsed so far: 8600000
2016-02-22 15:22:43,237 - INFO - Reads parsed so far: 8700000
2016-02-22 15:22:44,221 - INFO - Reads parsed so far: 8800000
2016-02-22 15:22:45,218 - INFO - Reads parsed so far: 8900000
2016-02-22 15:22:46,200 - INFO - Reads parsed so far: 9000000
2016-02-22 15:22:47,185 - INFO - Reads parsed so far: 9100000
2016-02-22 15:22:48,212 - INFO - Reads parsed so far: 9200000
2016-02-22 15:22:49,209 - INFO - Reads parsed so far: 9300000
2016-02-22 15:22:50,192 - INFO - Reads parsed so far: 9400000
2016-02-22 15:22:51,175 - INFO - Reads parsed so far: 9500000
2016-02-22 15:22:52,157 - INFO - Reads parsed so far: 9600000
2016-02-22 15:22:53,140 - INFO - Reads parsed so far: 9700000
2016-02-22 15:22:54,187 - INFO - Reads parsed so far: 9800000
2016-02-22 15:22:55,181 - INFO - Reads parsed so far: 9900000
2016-02-22 15:22:56,181 - INFO - Reads parsed so far: 10000000
2016-02-22 15:22:57,168 - INFO - Reads parsed so far: 10100000
2016-02-22 15:22:58,169 - INFO - Reads parsed so far: 10200000
2016-02-22 15:22:59,158 - INFO - Reads parsed so far: 10300000
2016-02-22 15:23:00,227 - INFO - Reads parsed so far: 10400000
2016-02-22 15:23:01,217 - INFO - Reads parsed so far: 10500000
2016-02-22 15:23:02,207 - INFO - Reads parsed so far: 10600000
2016-02-22 15:23:03,214 - INFO - Reads parsed so far: 10700000
2016-02-22 15:23:04,364 - INFO - Reads parsed so far: 10800000
2016-02-22 15:23:05,349 - INFO - Reads parsed so far: 10900000
2016-02-22 15:23:06,370 - INFO - Reads parsed so far: 11000000
2016-02-22 15:23:07,359 - INFO - Reads parsed so far: 11100000
2016-02-22 15:23:08,362 - INFO - Reads parsed so far: 11200000
2016-02-22 15:23:09,351 - INFO - Reads parsed so far: 11300000
2016-02-22 15:23:10,359 - INFO - Reads parsed so far: 11400000
2016-02-22 15:23:11,511 - INFO - Reads parsed so far: 11500000
2016-02-22 15:23:12,738 - INFO - Reads parsed so far: 11600000
2016-02-22 15:23:13,742 - INFO - Reads parsed so far: 11700000
2016-02-22 15:23:14,764 - INFO - Reads parsed so far: 11800000
2016-02-22 15:23:15,757 - INFO - Reads parsed so far: 11900000
2016-02-22 15:23:16,808 - INFO - Reads parsed so far: 12000000
2016-02-22 15:23:17,855 - INFO - Reads parsed so far: 12100000
2016-02-22 15:23:18,856 - INFO - Reads parsed so far: 12200000
2016-02-22 15:23:19,856 - INFO - Reads parsed so far: 12300000
2016-02-22 15:23:21,149 - INFO - Reads parsed so far: 12400000
2016-02-22 15:23:22,237 - INFO - Reads parsed so far: 12500000
2016-02-22 15:23:23,227 - INFO - Reads parsed so far: 12600000
2016-02-22 15:23:24,238 - INFO - Reads parsed so far: 12700000
2016-02-22 15:23:25,270 - INFO - Reads parsed so far: 12800000
2016-02-22 15:23:26,260 - INFO - Reads parsed so far: 12900000
2016-02-22 15:23:27,261 - INFO - Reads parsed so far: 13000000
2016-02-22 15:23:28,345 - INFO - Reads parsed so far: 13100000
2016-02-22 15:23:29,341 - INFO - Reads parsed so far: 13200000
2016-02-22 15:23:29,448 - INFO - Finished parsing all 13212407 reads; ended up with 3967873 unique barcodes.

2016-02-22 15:23:29,451 - INFO - Now examining the 3967873 barcodes to see if reads meet criteria for retention
2016-02-22 15:23:39,341 - INFO - Barcodes examined so far: 100000
2016-02-22 15:23:49,056 - INFO - Barcodes examined so far: 200000
2016-02-22 15:23:58,762 - INFO - Barcodes examined so far: 300000
2016-02-22 15:24:08,447 - INFO - Barcodes examined so far: 400000
2016-02-22 15:24:18,142 - INFO - Barcodes examined so far: 500000
2016-02-22 15:24:27,864 - INFO - Barcodes examined so far: 600000
2016-02-22 15:24:37,554 - INFO - Barcodes examined so far: 700000
2016-02-22 15:24:47,210 - INFO - Barcodes examined so far: 800000
2016-02-22 15:24:56,882 - INFO - Barcodes examined so far: 900000
2016-02-22 15:25:06,537 - INFO - Barcodes examined so far: 1000000
2016-02-22 15:25:16,148 - INFO - Barcodes examined so far: 1100000
2016-02-22 15:25:25,794 - INFO - Barcodes examined so far: 1200000
2016-02-22 15:25:35,426 - INFO - Barcodes examined so far: 1300000
2016-02-22 15:25:45,100 - INFO - Barcodes examined so far: 1400000
2016-02-22 15:25:54,728 - INFO - Barcodes examined so far: 1500000
2016-02-22 15:26:04,378 - INFO - Barcodes examined so far: 1600000
2016-02-22 15:26:14,053 - INFO - Barcodes examined so far: 1700000
2016-02-22 15:26:23,719 - INFO - Barcodes examined so far: 1800000
2016-02-22 15:26:33,361 - INFO - Barcodes examined so far: 1900000
2016-02-22 15:26:43,037 - INFO - Barcodes examined so far: 2000000
2016-02-22 15:26:52,811 - INFO - Barcodes examined so far: 2100000
2016-02-22 15:27:02,564 - INFO - Barcodes examined so far: 2200000
2016-02-22 15:27:12,289 - INFO - Barcodes examined so far: 2300000
2016-02-22 15:27:21,982 - INFO - Barcodes examined so far: 2400000
2016-02-22 15:27:31,710 - INFO - Barcodes examined so far: 2500000
2016-02-22 15:27:41,447 - INFO - Barcodes examined so far: 2600000
2016-02-22 15:27:51,197 - INFO - Barcodes examined so far: 2700000
2016-02-22 15:28:00,923 - INFO - Barcodes examined so far: 2800000
2016-02-22 15:28:10,665 - INFO - Barcodes examined so far: 2900000
2016-02-22 15:28:20,479 - INFO - Barcodes examined so far: 3000000
2016-02-22 15:28:30,320 - INFO - Barcodes examined so far: 3100000
2016-02-22 15:28:40,356 - INFO - Barcodes examined so far: 3200000
2016-02-22 15:28:50,649 - INFO - Barcodes examined so far: 3300000
2016-02-22 15:29:01,125 - INFO - Barcodes examined so far: 3400000
2016-02-22 15:29:11,952 - INFO - Barcodes examined so far: 3500000
2016-02-22 15:29:23,095 - INFO - Barcodes examined so far: 3600000
2016-02-22 15:29:34,747 - INFO - Barcodes examined so far: 3700000
2016-02-22 15:29:47,162 - INFO - Barcodes examined so far: 3800000
2016-02-22 15:30:01,153 - INFO - Barcodes examined so far: 3900000
2016-02-22 15:30:15,577 - INFO - Finished examining all 3967873 barcodes

2016-02-22 15:30:15,578 - INFO - Writing the codon counts to wtviruscounts.txt
2016-02-22 15:30:15,602 - INFO - Here are the summary statistics (these are also being written to wtvirussummarystats.txt):
	total read pairs = 13212407
	read pairs that fail Illumina filter = 0
	low quality read pairs = 1618569
	barcodes randomly purged = 0
	discarded barcodes with 1 reads = 1493563
	aligned barcodes with 2 reads = 479968
	discarded barcodes with 2 reads = 6866
	un-alignable barcodes with 2 reads = 53272
	aligned barcodes with 3 reads = 506885
	discarded barcodes with 3 reads = 10608
	un-alignable barcodes with 3 reads = 57395
	aligned barcodes with 4 reads = 442924
	discarded barcodes with 4 reads = 12191
	un-alignable barcodes with 4 reads = 41394
	aligned barcodes with 5 reads = 323350
	discarded barcodes with 5 reads = 11006
	un-alignable barcodes with 5 reads = 29432
	aligned barcodes with 6 reads = 207159
	discarded barcodes with 6 reads = 8474
	un-alignable barcodes with 6 reads = 18794
	aligned barcodes with 7 reads = 118360
	discarded barcodes with 7 reads = 5904
	un-alignable barcodes with 7 reads = 10651
	aligned barcodes with 8 reads = 61411
	discarded barcodes with 8 reads = 3459
	un-alignable barcodes with 8 reads = 5498
	aligned barcodes with 9 reads = 29227
	discarded barcodes with 9 reads = 1873
	un-alignable barcodes with 9 reads = 2688
	aligned barcodes with 10 reads = 12820
	discarded barcodes with 10 reads = 1063
	un-alignable barcodes with 10 reads = 1133
	aligned barcodes with 11 reads = 5385
	discarded barcodes with 11 reads = 492
	un-alignable barcodes with 11 reads = 476
	aligned barcodes with 12 reads = 2140
	discarded barcodes with 12 reads = 217
	un-alignable barcodes with 12 reads = 191
	aligned barcodes with 13 reads = 830
	discarded barcodes with 13 reads = 112
	un-alignable barcodes with 13 reads = 67
	aligned barcodes with 14 reads = 284
	discarded barcodes with 14 reads = 56
	un-alignable barcodes with 14 reads = 27
	aligned barcodes with 15 reads = 110
	discarded barcodes with 15 reads = 27
	un-alignable barcodes with 15 reads = 7
	aligned barcodes with 16 reads = 36
	discarded barcodes with 16 reads = 19
	un-alignable barcodes with 16 reads = 2
	aligned barcodes with 17 reads = 7
	discarded barcodes with 17 reads = 7
	un-alignable barcodes with 17 reads = 1
	aligned barcodes with 18 reads = 8
	discarded barcodes with 18 reads = 2
	aligned barcodes with 19 reads = 1
	discarded barcodes with 20 reads = 1
2016-02-22 15:30:15,602 - INFO - Successful completion of dms_barcodedsubamplicons at Mon Feb 22 15:30:15 2016
